2025-06-08 19:30:33 



















2025-06-08 19:30:33 Dogpu version v7.1.2.0-ge9c992d827
2025-06-08 19:30:33 InitParameterInteraction: parameter interaction: -whitelistforcerelay=1 -> setting -whitelistrelay=1
2025-06-08 19:30:33 Assuming ancestors of block 000000014ef254ef0498ada77b90e8236ac72021cb88c32f331bdcba03d5df77 have valid signatures.
2025-06-08 19:30:33 Setting nMinimumChainWork=00000000000000000000000000000000000000000000000000034004caf9617a
2025-06-08 19:30:33 Using the 'sse4' SHA256 implementation
2025-06-08 19:30:33 Using RdRand as an additional entropy source
2025-06-08 19:30:33 Default data directory /root/.dogpu
2025-06-08 19:30:33 Using data directory /workspace/attack_setup/honest_node
2025-06-08 19:30:33 Using config file /workspace/attack_setup/honest_node/dogpu.conf
2025-06-08 19:30:33 Using at most 20 automatic connections (1024 file descriptors available)
2025-06-08 19:30:33 Using 16 MiB out of 32/2 requested for signature cache, able to store 524288 elements
2025-06-08 19:30:33 Using 16 MiB out of 32/2 requested for script execution cache, able to store 524288 elements
2025-06-08 19:30:33 Using 2 threads for script verification
2025-06-08 19:30:33 scheduler thread start
2025-06-08 19:30:33 libevent: getaddrinfo: address family for nodename not supported
2025-06-08 19:30:33 Binding RPC on address ::1 port 8332 failed.
2025-06-08 19:30:33 HTTP: creating work queue of depth 16
2025-06-08 19:30:33 Config options rpcuser and rpcpassword will soon be deprecated. Locally-run instances may remove rpcuser to use cookie-based auth, or may be replaced with rpcauth. Please see share/rpcuser for rpcauth auth generation.
2025-06-08 19:30:33 HTTP: starting 4 worker threads
2025-06-08 19:30:33 Block index database configuration:
2025-06-08 19:30:33 * Using 2 MB files
2025-06-08 19:30:33 Cache configuration:
2025-06-08 19:30:33 * Using 2.0MiB for block index database
2025-06-08 19:30:33 * Using 8.0MiB for chain state database
2025-06-08 19:30:33 * Using 440.0MiB for in-memory UTXO set (plus up to 286.1MiB of unused mempool space)
2025-06-08 19:30:33 init message: Loading block index...
2025-06-08 19:30:33 Opening LevelDB in /workspace/attack_setup/honest_node/blocks/index
2025-06-08 19:30:33 Opened LevelDB successfully
2025-06-08 19:30:33 Using obfuscation key for /workspace/attack_setup/honest_node/blocks/index: 0000000000000000
2025-06-08 19:30:33 Opening LevelDB in /workspace/attack_setup/honest_node/assets
2025-06-08 19:30:33 Opened LevelDB successfully
2025-06-08 19:30:33 Using obfuscation key for /workspace/attack_setup/honest_node/assets: 0000000000000000
2025-06-08 19:30:33 Opening LevelDB in /workspace/attack_setup/honest_node/messages/messages
2025-06-08 19:30:33 Opened LevelDB successfully
2025-06-08 19:30:33 Using obfuscation key for /workspace/attack_setup/honest_node/messages/messages: 0000000000000000
2025-06-08 19:30:33 Opening LevelDB in /workspace/attack_setup/honest_node/messages/channels
2025-06-08 19:30:33 Opened LevelDB successfully
2025-06-08 19:30:33 Using obfuscation key for /workspace/attack_setup/honest_node/messages/channels: 0000000000000000
2025-06-08 19:30:33 Opening LevelDB in /workspace/attack_setup/honest_node/myrestricted
2025-06-08 19:30:33 Opened LevelDB successfully
2025-06-08 19:30:33 Using obfuscation key for /workspace/attack_setup/honest_node/myrestricted: 0000000000000000
2025-06-08 19:30:33 Opening LevelDB in /workspace/attack_setup/honest_node/assets/restricted
2025-06-08 19:30:33 Opened LevelDB successfully
2025-06-08 19:30:33 Using obfuscation key for /workspace/attack_setup/honest_node/assets/restricted: 0000000000000000
2025-06-08 19:30:33 Opening LevelDB in /workspace/attack_setup/honest_node/rewards/snapshotrequest
2025-06-08 19:30:33 Opened LevelDB successfully
2025-06-08 19:30:33 Using obfuscation key for /workspace/attack_setup/honest_node/rewards/snapshotrequest: 0000000000000000
2025-06-08 19:30:33 Opening LevelDB in /workspace/attack_setup/honest_node/rewards/assetsnapshot
2025-06-08 19:30:33 Opened LevelDB successfully
2025-06-08 19:30:33 Using obfuscation key for /workspace/attack_setup/honest_node/rewards/assetsnapshot: 0000000000000000
2025-06-08 19:30:33 Opening LevelDB in /workspace/attack_setup/honest_node/rewards/distributerequests
2025-06-08 19:30:33 Opened LevelDB successfully
2025-06-08 19:30:33 Using obfuscation key for /workspace/attack_setup/honest_node/rewards/distributerequests: 0000000000000000
2025-06-08 19:30:33 Database failed to load last Reissued Mempool State. Will have to start from empty stateSuccessfully loaded assets from database.
Cache of assets size: 0
2025-06-08 19:30:33 Messaging is enabled
2025-06-08 19:30:33 LoadBlockIndexDB: last block file = 0
2025-06-08 19:30:33 LoadBlockIndexDB: last block file info: CBlockFileInfo(blocks=0, size=0, heights=0...0, time=1970-01-01...1970-01-01)
2025-06-08 19:30:33 Checking all blk files are present...
2025-06-08 19:30:33 LoadBlockIndexDB: transaction index disabled
2025-06-08 19:30:33 LoadBlockIndexDB: asset index disabled
2025-06-08 19:30:33 LoadBlockIndexDB: address index disabled
2025-06-08 19:30:33 LoadBlockIndexDB: timestamp index disabled
2025-06-08 19:30:33 LoadBlockIndexDB: spent index disabled
2025-06-08 19:30:33 Initializing databases...
2025-06-08 19:30:33 LoadBlockIndex: transaction index disabled
2025-06-08 19:30:33 LoadBlockIndex: asset index disabled
2025-06-08 19:30:33 LoadBlockIndex: address index disabled
2025-06-08 19:30:33 LoadBlockIndex: timestamp index disabled
2025-06-08 19:30:33 LoadBlockIndex: spent index disabled
2025-06-08 19:30:33 Pre-allocating up to position 0x1000000 in blk00000.dat
2025-06-08 19:30:33 Opening LevelDB in /workspace/attack_setup/honest_node/chainstate
2025-06-08 19:30:33 Opened LevelDB successfully
2025-06-08 19:30:33 Wrote new obfuscate key for /workspace/attack_setup/honest_node/chainstate: 9cf23655b317fbf6
2025-06-08 19:30:33 Using obfuscation key for /workspace/attack_setup/honest_node/chainstate: 9cf23655b317fbf6
2025-06-08 19:30:33 init message: Rewinding blocks...
2025-06-08 19:30:33  block index             120ms
2025-06-08 19:30:33 No wallet support compiled in!
2025-06-08 19:30:33 UpdateTip: new best=00000052129a4a8d7f095769951e24a0b6f82a68670324985d7733ec4686d3b4 height=0 version=0x00000004 log2_work=24.000022 tx=1 date='2024-04-01 06:00:00' progress=0.000001 cache=0.0MiB(0txo)
2025-06-08 19:30:33 Failed to open mempool file from disk. Continuing anyway.
2025-06-08 19:30:33 mapBlockIndex.size() = 1
2025-06-08 19:30:33 nBestHeight = 0
2025-06-08 19:30:33 torcontrol thread start
2025-06-08 19:30:33 Connection Manager: StartBound to [::]:8333
2025-06-08 19:30:33 Bound to 0.0.0.0:8333
2025-06-08 19:30:33 Connection Manager: Adding Seed Nodes
2025-06-08 19:30:33 init message: Loading P2P addresses...
2025-06-08 19:30:33 ERROR: DeserializeFileDB: Failed to open file /workspace/attack_setup/honest_node/peers.dat
2025-06-08 19:30:33 Invalid or missing peers.dat; recreating
2025-06-08 19:30:33 init message: Loading banlist...
2025-06-08 19:30:33 ERROR: DeserializeFileDB: Failed to open file /workspace/attack_setup/honest_node/banlist.dat
2025-06-08 19:30:33 Invalid or missing banlist.dat; recreating
2025-06-08 19:30:33 init message: Starting network threads...
2025-06-08 19:30:33 net thread start
2025-06-08 19:30:33 dnsseed thread start
2025-06-08 19:30:33 Loading addresses from DNS seeds (could take a while)
2025-06-08 19:30:33 addcon thread start
2025-06-08 19:30:33 init message: Done Loading
2025-06-08 19:30:33 opencon thread start
2025-06-08 19:30:33 IP: dns.dogegpu.com
2025-06-08 19:30:33 msghand thread start
2025-06-08 19:30:33 IP: dnss.dogegpu.org
2025-06-08 19:30:33 IP: dogpu.dogduck.com 
2025-06-08 19:30:33 0 addresses found from DNS seeds
2025-06-08 19:30:33 dnsseed thread exit
2025-06-08 19:30:38 receive version message: /Dogegpu:7.1.2/: version 70028, blocks=0, us=[::]:0, peer=0
2025-06-08 19:30:43 receive version message: /Dogegpu:7.1.2/: version 70028, blocks=0, us=[::]:0, peer=1
2025-06-08 19:31:34 Adding fixed seed nodes as DNS doesn't seem to be available.
2025-06-08 19:31:34 connect() to 207.180.218.216:6069 failed after select(): Connection refused (111)
2025-06-08 19:31:34 receive version message: /Dogegpu:7.1.1/: version 70028, blocks=1861587, us=34.132.89.134:35798, peer=2
2025-06-08 19:32:34 connect() to [2a01:cb08:b8f:1700:d06a:9825:b0de:95b1]:6069 failed: Cannot assign requested address (99)
2025-06-08 19:32:36 connect() to [2804:2664:411b:c600:9570:9e8b:bdbb:eace]:6069 failed: Cannot assign requested address (99)
2025-06-08 19:32:37 connect() to [2600:1700:fee0:c00:b15b:48bf:fa45:a8d2]:6069 failed: Cannot assign requested address (99)
2025-06-08 19:32:44 connect() to [2600:6c54:7c00:10d:6974:cb19:e854:68f8]:6069 failed: Cannot assign requested address (99)
2025-06-08 19:32:46 receive version message: /Dogegpu:7.1.2/: version 70028, blocks=1861592, us=34.132.89.134:15865, peer=3
2025-06-08 19:33:05 receive version message: /Dogegpu:7.1.1/: version 70028, blocks=1861593, us=34.132.89.134:57977, peer=4
2025-06-08 19:33:11 connect() to 188.29.228.36:6069 failed after select(): Connection refused (111)
2025-06-08 19:33:31 connect() to [2600:6c40:75f0:4650:964:6004:e5a1:ed8]:6069 failed: Cannot assign requested address (99)
2025-06-08 19:33:33 connect() to [2600:6c54:7c00:10d:3937:c326:efd2:d5a]:6069 failed: Cannot assign requested address (99)
2025-06-08 19:33:45 receive version message: /Dogegpu:7.1.2/: version 70028, blocks=1861597, us=34.132.89.134:24820, peer=6
2025-06-08 19:33:45 connect() to [2001:0:34a2:52f8:142e:3208:7d05:ab20]:6069 failed: Cannot assign requested address (99)
2025-06-08 19:34:05 connect() to [2001:871:222:1c2c:5a99:9851:51bd:6520]:6069 failed: Cannot assign requested address (99)
2025-06-08 19:34:15 connect() to [2a03:d000:528c:a961:acf7:334f:7150:4ed6]:6069 failed: Cannot assign requested address (99)
2025-06-08 19:34:23 connect() to [2600:1700:fee0:c00:eeb0:730d:7666:8a2e]:6069 failed: Cannot assign requested address (99)
2025-06-08 19:34:37 receive version message: /Dogegpu:7.1.2/: version 70028, blocks=1861602, us=34.132.89.134:1720, peer=7
